<?xml version="1.0" encoding="UTF-8"?>
<!-- Generated by org.testng.reporters.JUnitXMLReporter -->
<testsuite ignored="0" hostname="DESKTOP-RN62EUK" failures="1" tests="2" name="Test" time="5.592" errors="0" timestamp="2024-09-20T08:55:28 EDT">
  <testcase classname="api.Tests.Run_Test" name="createUser" time="4.154"/>
  <testcase classname="api.Tests.Run_Test" name="findUser" time="0.38">
    <failure type="java.lang.AssertionError" message="expected:&amp;lt;404&amp;gt; but was:&amp;lt;200&amp;gt;">
      <![CDATA[java.lang.AssertionError: expected:<404> but was:<200>
at org.junit.Assert.fail(Assert.java:93)
at org.junit.Assert.failNotEquals(Assert.java:647)
at org.junit.Assert.assertEquals(Assert.java:128)
at org.junit.Assert.assertEquals(Assert.java:472)
at org.junit.Assert.assertEquals(Assert.java:456)
at api.Tests.Run_Test.findUser(Run_Test.java:40)
at java.base/java.util.ArrayList.forEach(ArrayList.java:1541)
... Removed 27 stack frames]]>
    </failure>
  </testcase> <!-- findUser -->
</testsuite> <!-- Test -->
